# JRE version: OpenJDK Runtime Environment (8.0_112-b06) (build 1.8.0_112-release-b06)
# Java VM: OpenJDK 64-Bit Server VM (25.112-b06 mixed mode windows-amd64 compressed oops)
Heap:
 PSYoungGen      total 448000K, used 396985K [0x00000000e0000000, 0x0000000100000000, 0x0000000100000000)
  eden space 385024K, 92% used [0x00000000e0000000,0x00000000f5d9d990,0x00000000f7800000)
  from space 62976K, 61% used [0x00000000fc280000,0x00000000fe890c28,0x0000000100000000)
  to   space 69632K, 0% used [0x00000000f7800000,0x00000000f7800000,0x00000000fbc00000)
 ParOldGen       total 233472K, used 122561K [0x00000000a0000000, 0x00000000ae400000, 0x00000000e0000000)
  object space 233472K, 52% used [0x00000000a0000000,0x00000000a77b05f0,0x00000000ae400000)
 Metaspace       used 73167K, capacity 77318K, committed 77568K, reserved 1118208K
  class space    used 8996K, capacity 9614K, committed 9728K, reserved 1048576K
GC Heap History (10 events):
Event: 19606.762 GC heap before
{Heap before GC invocations=38 (full 4):
 PSYoungGen      total 474624K, used 437261K [0x00000000e0000000, 0x0000000100000000, 0x0000000100000000)
  eden space 431104K, 100% used [0x00000000e0000000,0x00000000fa500000,0x00000000fa500000)
  from space 43520K, 14% used [0x00000000fa500000,0x00000000fab03618,0x00000000fcf80000)
  to   space 43008K, 0% used [0x00000000fd600000,0x00000000fd600000,0x0000000100000000)
 ParOldGen       total 233472K, used 109375K [0x00000000a0000000, 0x00000000ae400000, 0x00000000e0000000)
  object space 233472K, 46% used [0x00000000a0000000,0x00000000a6acfde8,0x00000000ae400000)
 Metaspace       used 72720K, capacity 76662K, committed 76928K, reserved 1116160K
  class space    used 8959K, capacity 9568K, committed 9600K, reserved 1048576K
Event: 19607.850 GC heap after
Heap after GC invocations=38 (full 4):
 PSYoungGen      total 464896K, used 43006K [0x00000000e0000000, 0x0000000100000000, 0x0000000100000000)
  eden space 421888K, 0% used [0x00000000e0000000,0x00000000e0000000,0x00000000f9c00000)
  from space 43008K, 99% used [0x00000000fd600000,0x00000000fffff9c8,0x0000000100000000)
  to   space 51200K, 0% used [0x00000000f9c00000,0x00000000f9c00000,0x00000000fce00000)
 ParOldGen       total 233472K, used 112795K [0x00000000a0000000, 0x00000000ae400000, 0x00000000e0000000)
  object space 233472K, 48% used [0x00000000a0000000,0x00000000a6e26e28,0x00000000ae400000)
 Metaspace       used 72720K, capacity 76662K, committed 76928K, reserved 1116160K
  class space    used 8959K, capacity 9568K, committed 9600K, reserved 1048576K
}
Event: 20573.917 GC heap before
{Heap before GC invocations=39 (full 4):
 PSYoungGen      total 464896K, used 464894K [0x00000000e0000000, 0x0000000100000000, 0x0000000100000000)
  eden space 421888K, 100% used [0x00000000e0000000,0x00000000f9c00000,0x00000000f9c00000)
  from space 43008K, 99% used [0x00000000fd600000,0x00000000fffff9c8,0x0000000100000000)
  to   space 51200K, 0% used [0x00000000f9c00000,0x00000000f9c00000,0x00000000fce00000)
 ParOldGen       total 233472K, used 112795K [0x00000000a0000000, 0x00000000ae400000, 0x00000000e0000000)
  object space 233472K, 48% used [0x00000000a0000000,0x00000000a6e26e28,0x00000000ae400000)
 Metaspace       used 72836K, capacity 76942K, committed 77184K, reserved 1116160K
  class space    used 8967K, capacity 9576K, committed 9600K, reserved 1048576K
Event: 20574.183 GC heap after
Heap after GC invocations=39 (full 4):
 PSYoungGen      total 473088K, used 21034K [0x00000000e0000000, 0x0000000100000000, 0x0000000100000000)
  eden space 421888K, 0% used [0x00000000e0000000,0x00000000e0000000,0x00000000f9c00000)
  from space 51200K, 41% used [0x00000000f9c00000,0x00000000fb08a930,0x00000000fce00000)
  to   space 49152K, 0% used [0x00000000fd000000,0x00000000fd000000,0x0000000100000000)
 ParOldGen       total 233472K, used 113463K [0x00000000a0000000, 0x00000000ae400000, 0x00000000e0000000)
  object space 233472K, 48% used [0x00000000a0000000,0x00000000a6ecde68,0x00000000ae400000)
 Metaspace       used 72836K, capacity 76942K, committed 77184K, reserved 1116160K
  class space    used 8967K, capacity 9576K, committed 9600K, reserved 1048576K
}
Event: 20634.938 GC heap before
{Heap before GC invocations=40 (full 4):
 PSYoungGen      total 473088K, used 442922K [0x00000000e0000000, 0x0000000100000000, 0x0000000100000000)
  eden space 421888K, 100% used [0x00000000e0000000,0x00000000f9c00000,0x00000000f9c00000)
  from space 51200K, 41% used [0x00000000f9c00000,0x00000000fb08a930,0x00000000fce00000)
  to   space 49152K, 0% used [0x00000000fd000000,0x00000000fd000000,0x0000000100000000)
 ParOldGen       total 233472K, used 113463K [0x00000000a0000000, 0x00000000ae400000, 0x00000000e0000000)
  object space 233472K, 48% used [0x00000000a0000000,0x00000000a6ecde68,0x00000000ae400000)
 Metaspace       used 72870K, capacity 76942K, committed 77184K, reserved 1116160K
  class space    used 8968K, capacity 9576K, committed 9600K, reserved 1048576K
Event: 20635.727 GC heap after
Heap after GC invocations=40 (full 4):
 PSYoungGen      total 452608K, used 49127K [0x00000000e0000000, 0x0000000100000000, 0x0000000100000000)
  eden space 403456K, 0% used [0x00000000e0000000,0x00000000e0000000,0x00000000f8a00000)
  from space 49152K, 99% used [0x00000000fd000000,0x00000000ffff9cb0,0x0000000100000000)
  to   space 60416K, 0% used [0x00000000f8a00000,0x00000000f8a00000,0x00000000fc500000)
 ParOldGen       total 233472K, used 121893K [0x00000000a0000000, 0x00000000ae400000, 0x00000000e0000000)
  object space 233472K, 52% used [0x00000000a0000000,0x00000000a77095b0,0x00000000ae400000)
 Metaspace       used 72870K, capacity 76942K, committed 77184K, reserved 1116160K
  class space    used 8968K, capacity 9576K, committed 9600K, reserved 1048576K
}
Event: 20758.829 GC heap before
{Heap before GC invocations=41 (full 4):
 PSYoungGen      total 452608K, used 452583K [0x00000000e0000000, 0x0000000100000000, 0x0000000100000000)
  eden space 403456K, 100% used [0x00000000e0000000,0x00000000f8a00000,0x00000000f8a00000)
  from space 49152K, 99% used [0x00000000fd000000,0x00000000ffff9cb0,0x0000000100000000)
  to   space 60416K, 0% used [0x00000000f8a00000,0x00000000f8a00000,0x00000000fc500000)
 ParOldGen       total 233472K, used 121893K [0x00000000a0000000, 0x00000000ae400000, 0x00000000e0000000)
  object space 233472K, 52% used [0x00000000a0000000,0x00000000a77095b0,0x00000000ae400000)
 Metaspace       used 73053K, capacity 77208K, committed 77568K, reserved 1118208K
  class space    used 8987K, capacity 9603K, committed 9728K, reserved 1048576K
Event: 20759.283 GC heap after
Heap after GC invocations=41 (full 4):
 PSYoungGen      total 461312K, used 57378K [0x00000000e0000000, 0x0000000100000000, 0x0000000100000000)
  eden space 403456K, 0% used [0x00000000e0000000,0x00000000e0000000,0x00000000f8a00000)
  from space 57856K, 99% used [0x00000000f8a00000,0x00000000fc2088b8,0x00000000fc280000)
  to   space 62976K, 0% used [0x00000000fc280000,0x00000000fc280000,0x0000000100000000)
 ParOldGen       total 233472K, used 122553K [0x00000000a0000000, 0x00000000ae400000, 0x00000000e0000000)
  object space 233472K, 52% used [0x00000000a0000000,0x00000000a77ae5f0,0x00000000ae400000)
 Metaspace       used 73053K, capacity 77208K, committed 77568K, reserved 1118208K
  class space    used 8987K, capacity 9603K, committed 9728K, reserved 1048576K
}
Event: 20837.575 GC heap before
{Heap before GC invocations=42 (full 4):
 PSYoungGen      total 461312K, used 460834K [0x00000000e0000000, 0x0000000100000000, 0x0000000100000000)
  eden space 403456K, 100% used [0x00000000e0000000,0x00000000f8a00000,0x00000000f8a00000)
  from space 57856K, 99% used [0x00000000f8a00000,0x00000000fc2088b8,0x00000000fc280000)
  to   space 62976K, 0% used [0x00000000fc280000,0x00000000fc280000,0x0000000100000000)
 ParOldGen       total 233472K, used 122553K [0x00000000a0000000, 0x00000000ae400000, 0x00000000e0000000)
  object space 233472K, 52% used [0x00000000a0000000,0x00000000a77ae5f0,0x00000000ae400000)
 Metaspace       used 73156K, capacity 77318K, committed 77568K, reserved 1118208K
  class space    used 8996K, capacity 9614K, committed 9728K, reserved 1048576K
Event: 20837.787 GC heap after
Heap after GC invocations=42 (full 4):
 PSYoungGen      total 448000K, used 38979K [0x00000000e0000000, 0x0000000100000000, 0x0000000100000000)
  eden space 385024K, 0% used [0x00000000e0000000,0x00000000e0000000,0x00000000f7800000)
  from space 62976K, 61% used [0x00000000fc280000,0x00000000fe890c28,0x0000000100000000)
  to   space 69632K, 0% used [0x00000000f7800000,0x00000000f7800000,0x00000000fbc00000)
 ParOldGen       total 233472K, used 122561K [0x00000000a0000000, 0x00000000ae400000, 0x00000000e0000000)
  object space 233472K, 52% used [0x00000000a0000000,0x00000000a77b05f0,0x00000000ae400000)
 Metaspace       used 73156K, capacity 77318K, committed 77568K, reserved 1118208K
  class space    used 8996K, capacity 9614K, committed 9728K, reserved 1048576K
}

